{"/home/brenda/www/github/gofinances/packages/server/src/config/auth.ts": {"path":"/home/brenda/www/github/gofinances/packages/server/src/config/auth.ts","statementMap":{"0":{"start":{"line":1,"column":0},"end":{"line":7,"column":2}}},"fnMap":{},"branchMap":{"0":{"loc":{"start":{"line":4,"column":6},"end":{"line":4,"column":28}},"type":"binary-expr","locations":[{"start":{"line":4,"column":6},"end":{"line":4,"column":28}},{"start":{"line":4,"column":32},"end":{"line":4,"column":41}}]}},"s":{"0":1},"f":{},"b":{"0":[1,1]}}
,"/home/brenda/www/github/gofinances/packages/server/src/models/Product.ts": {"path":"/home/brenda/www/github/gofinances/packages/server/src/models/Product.ts","statementMap":{"0":{"start":{"line":2,"column":0},"end":{"line":2,"column":34}},"1":{"start":{"line":20,"column":4},"end":{"line":20,"column":21}},"2":{"start":{"line":21,"column":4},"end":{"line":21,"column":21}},"3":{"start":{"line":22,"column":4},"end":{"line":22,"column":21}},"4":{"start":{"line":23,"column":4},"end":{"line":23,"column":29}},"5":{"start":{"line":24,"column":4},"end":{"line":24,"column":23}},"6":{"start":{"line":25,"column":4},"end":{"line":25,"column":27}},"7":{"start":{"line":29,"column":0},"end":{"line":29,"column":23}}},"fnMap":{"0":{"name":"(anonymous_0)","decl":{"start":{"line":17,"column":2},"end":{"line":17,"column":14}},"loc":{"start":{"line":19,"column":24},"end":{"line":26,"column":3}}}},"branchMap":{},"s":{"0":1,"1":2,"2":2,"3":2,"4":2,"5":2,"6":2,"7":1},"f":{"0":2},"b":{}}
,"/home/brenda/www/github/gofinances/packages/server/src/models/Transaction.ts": {"path":"/home/brenda/www/github/gofinances/packages/server/src/models/Transaction.ts","statementMap":{"0":{"start":{"line":2,"column":0},"end":{"line":2,"column":34}},"1":{"start":{"line":20,"column":4},"end":{"line":20,"column":21}},"2":{"start":{"line":21,"column":4},"end":{"line":21,"column":23}},"3":{"start":{"line":22,"column":4},"end":{"line":22,"column":27}},"4":{"start":{"line":23,"column":4},"end":{"line":23,"column":21}},"5":{"start":{"line":24,"column":4},"end":{"line":24,"column":23}},"6":{"start":{"line":25,"column":4},"end":{"line":25,"column":21}},"7":{"start":{"line":29,"column":0},"end":{"line":29,"column":27}}},"fnMap":{"0":{"name":"(anonymous_0)","decl":{"start":{"line":17,"column":2},"end":{"line":17,"column":14}},"loc":{"start":{"line":19,"column":28},"end":{"line":26,"column":3}}}},"branchMap":{},"s":{"0":2,"1":6,"2":6,"3":6,"4":6,"5":6,"6":6,"7":2},"f":{"0":6},"b":{}}
,"/home/brenda/www/github/gofinances/packages/server/src/models/User.ts": {"path":"/home/brenda/www/github/gofinances/packages/server/src/models/User.ts","statementMap":{"0":{"start":{"line":1,"column":0},"end":{"line":1,"column":34}},"1":{"start":{"line":17,"column":4},"end":{"line":17,"column":21}},"2":{"start":{"line":18,"column":4},"end":{"line":18,"column":21}},"3":{"start":{"line":19,"column":4},"end":{"line":19,"column":23}},"4":{"start":{"line":20,"column":4},"end":{"line":20,"column":29}},"5":{"start":{"line":21,"column":4},"end":{"line":21,"column":27}},"6":{"start":{"line":25,"column":0},"end":{"line":25,"column":20}}},"fnMap":{"0":{"name":"(anonymous_0)","decl":{"start":{"line":14,"column":2},"end":{"line":14,"column":14}},"loc":{"start":{"line":16,"column":21},"end":{"line":22,"column":3}}}},"branchMap":{},"s":{"0":2,"1":4,"2":4,"3":4,"4":4,"5":4,"6":2},"f":{"0":4},"b":{}}
,"/home/brenda/www/github/gofinances/packages/server/src/repositories/ProductRepository.ts": {"path":"/home/brenda/www/github/gofinances/packages/server/src/repositories/ProductRepository.ts","statementMap":{"0":{"start":{"line":1,"column":0},"end":{"line":1,"column":40}},"1":{"start":{"line":7,"column":4},"end":{"line":7,"column":23}},"2":{"start":{"line":17,"column":20},"end":{"line":23,"column":6}},"3":{"start":{"line":25,"column":4},"end":{"line":25,"column":47}},"4":{"start":{"line":27,"column":4},"end":{"line":27,"column":32}},"5":{"start":{"line":29,"column":4},"end":{"line":29,"column":19}},"6":{"start":{"line":33,"column":21},"end":{"line":34,"column":null}},"7":{"start":{"line":34,"column":23},"end":{"line":34,"column":81}},"8":{"start":{"line":37,"column":4},"end":{"line":37,"column":20}},"9":{"start":{"line":41,"column":20},"end":{"line":42,"column":null}},"10":{"start":{"line":42,"column":23},"end":{"line":42,"column":48}},"11":{"start":{"line":45,"column":4},"end":{"line":45,"column":19}},"12":{"start":{"line":49,"column":0},"end":{"line":49,"column":33}}},"fnMap":{"0":{"name":"(anonymous_1)","decl":{"start":{"line":6,"column":2},"end":{"line":6,"column":null}},"loc":{"start":{"line":6,"column":2},"end":{"line":8,"column":3}}},"1":{"name":"(anonymous_2)","decl":{"start":{"line":10,"column":9},"end":{"line":10,"column":15}},"loc":{"start":{"line":16,"column":24},"end":{"line":30,"column":3}}},"2":{"name":"(anonymous_3)","decl":{"start":{"line":32,"column":9},"end":{"line":32,"column":14}},"loc":{"start":{"line":32,"column":40},"end":{"line":38,"column":3}}},"3":{"name":"(anonymous_4)","decl":{"start":{"line":34,"column":6},"end":{"line":34,"column":7}},"loc":{"start":{"line":34,"column":23},"end":{"line":34,"column":81}}},"4":{"name":"(anonymous_5)","decl":{"start":{"line":40,"column":9},"end":{"line":40,"column":14}},"loc":{"start":{"line":40,"column":38},"end":{"line":46,"column":3}}},"5":{"name":"(anonymous_6)","decl":{"start":{"line":42,"column":6},"end":{"line":42,"column":7}},"loc":{"start":{"line":42,"column":23},"end":{"line":42,"column":48}}}},"branchMap":{"0":{"loc":{"start":{"line":34,"column":23},"end":{"line":34,"column":53}},"type":"binary-expr","locations":[{"start":{"line":34,"column":23},"end":{"line":34,"column":53}},{"start":{"line":34,"column":57},"end":{"line":34,"column":81}}]}},"s":{"0":1,"1":2,"2":2,"3":2,"4":2,"5":2,"6":0,"7":0,"8":0,"9":3,"10":1,"11":3,"12":1},"f":{"0":2,"1":2,"2":0,"3":0,"4":3,"5":1},"b":{"0":[0,0]}}
,"/home/brenda/www/github/gofinances/packages/server/src/repositories/TransactionRepository.ts": {"path":"/home/brenda/www/github/gofinances/packages/server/src/repositories/TransactionRepository.ts","statementMap":{"0":{"start":{"line":1,"column":0},"end":{"line":1,"column":48}},"1":{"start":{"line":13,"column":4},"end":{"line":13,"column":27}},"2":{"start":{"line":23,"column":24},"end":{"line":29,"column":6}},"3":{"start":{"line":31,"column":4},"end":{"line":31,"column":40}},"4":{"start":{"line":33,"column":4},"end":{"line":33,"column":23}},"5":{"start":{"line":37,"column":25},"end":{"line":38,"column":null}},"6":{"start":{"line":38,"column":23},"end":{"line":38,"column":53}},"7":{"start":{"line":41,"column":4},"end":{"line":41,"column":24}},"8":{"start":{"line":45,"column":24},"end":{"line":45,"column":53}},"9":{"start":{"line":47,"column":17},"end":{"line":51,"column":6}},"10":{"start":{"line":53,"column":18},"end":{"line":57,"column":6}},"11":{"start":{"line":59,"column":16},"end":{"line":62,"column":6}},"12":{"start":{"line":64,"column":4},"end":{"line":91,"column":null}},"13":{"start":{"line":65,"column":26},"end":{"line":67,"column":79}},"14":{"start":{"line":66,"column":33},"end":{"line":66,"column":62}},"15":{"start":{"line":67,"column":45},"end":{"line":67,"column":75}},"16":{"start":{"line":69,"column":27},"end":{"line":71,"column":79}},"17":{"start":{"line":70,"column":33},"end":{"line":70,"column":63}},"18":{"start":{"line":71,"column":45},"end":{"line":71,"column":75}},"19":{"start":{"line":73,"column":25},"end":{"line":73,"column":51}},"20":{"start":{"line":75,"column":6},"end":{"line":79,"column":8}},"21":{"start":{"line":81,"column":6},"end":{"line":85,"column":8}},"22":{"start":{"line":87,"column":6},"end":{"line":90,"column":8}},"23":{"start":{"line":93,"column":4},"end":{"line":93,"column":36}},"24":{"start":{"line":97,"column":0},"end":{"line":97,"column":37}}},"fnMap":{"0":{"name":"(anonymous_1)","decl":{"start":{"line":12,"column":2},"end":{"line":12,"column":null}},"loc":{"start":{"line":12,"column":2},"end":{"line":14,"column":3}}},"1":{"name":"(anonymous_2)","decl":{"start":{"line":16,"column":9},"end":{"line":16,"column":15}},"loc":{"start":{"line":22,"column":28},"end":{"line":34,"column":3}}},"2":{"name":"(anonymous_3)","decl":{"start":{"line":36,"column":9},"end":{"line":36,"column":14}},"loc":{"start":{"line":36,"column":40},"end":{"line":42,"column":3}}},"3":{"name":"(anonymous_4)","decl":{"start":{"line":38,"column":6},"end":{"line":38,"column":7}},"loc":{"start":{"line":38,"column":23},"end":{"line":38,"column":53}}},"4":{"name":"(anonymous_5)","decl":{"start":{"line":44,"column":9},"end":{"line":44,"column":14}},"loc":{"start":{"line":44,"column":40},"end":{"line":94,"column":3}}},"5":{"name":"(anonymous_6)","decl":{"start":{"line":66,"column":16},"end":{"line":66,"column":17}},"loc":{"start":{"line":66,"column":33},"end":{"line":66,"column":62}}},"6":{"name":"(anonymous_7)","decl":{"start":{"line":67,"column":16},"end":{"line":67,"column":17}},"loc":{"start":{"line":67,"column":45},"end":{"line":67,"column":75}}},"7":{"name":"(anonymous_8)","decl":{"start":{"line":70,"column":16},"end":{"line":70,"column":17}},"loc":{"start":{"line":70,"column":33},"end":{"line":70,"column":63}}},"8":{"name":"(anonymous_9)","decl":{"start":{"line":71,"column":16},"end":{"line":71,"column":17}},"loc":{"start":{"line":71,"column":45},"end":{"line":71,"column":75}}}},"branchMap":{"0":{"loc":{"start":{"line":64,"column":4},"end":{"line":91,"column":null}},"type":"if","locations":[{"start":{"line":64,"column":4},"end":{"line":91,"column":null}},{"start":{"line":64,"column":4},"end":{"line":91,"column":null}}]}},"s":{"0":2,"1":4,"2":6,"3":6,"4":6,"5":3,"6":1,"7":3,"8":3,"9":3,"10":3,"11":3,"12":3,"13":1,"14":1,"15":1,"16":1,"17":1,"18":0,"19":1,"20":1,"21":1,"22":1,"23":3,"24":2},"f":{"0":4,"1":6,"2":3,"3":1,"4":3,"5":1,"6":1,"7":1,"8":0},"b":{"0":[1,2]}}
,"/home/brenda/www/github/gofinances/packages/server/src/repositories/UserRepository.ts": {"path":"/home/brenda/www/github/gofinances/packages/server/src/repositories/UserRepository.ts","statementMap":{"0":{"start":{"line":1,"column":0},"end":{"line":1,"column":34}},"1":{"start":{"line":7,"column":4},"end":{"line":7,"column":20}},"2":{"start":{"line":11,"column":17},"end":{"line":13,"column":6}},"3":{"start":{"line":15,"column":4},"end":{"line":15,"column":26}},"4":{"start":{"line":17,"column":4},"end":{"line":17,"column":16}},"5":{"start":{"line":21,"column":28},"end":{"line":21,"column":75}},"6":{"start":{"line":21,"column":54},"end":{"line":21,"column":74}},"7":{"start":{"line":23,"column":4},"end":{"line":23,"column":27}},"8":{"start":{"line":27,"column":0},"end":{"line":27,"column":30}}},"fnMap":{"0":{"name":"(anonymous_1)","decl":{"start":{"line":6,"column":2},"end":{"line":6,"column":null}},"loc":{"start":{"line":6,"column":2},"end":{"line":8,"column":3}}},"1":{"name":"(anonymous_2)","decl":{"start":{"line":10,"column":9},"end":{"line":10,"column":15}},"loc":{"start":{"line":10,"column":59},"end":{"line":18,"column":3}}},"2":{"name":"(anonymous_3)","decl":{"start":{"line":20,"column":9},"end":{"line":20,"column":20}},"loc":{"start":{"line":20,"column":34},"end":{"line":24,"column":3}}},"3":{"name":"(anonymous_4)","decl":{"start":{"line":21,"column":44},"end":{"line":21,"column":45}},"loc":{"start":{"line":21,"column":54},"end":{"line":21,"column":74}}}},"branchMap":{},"s":{"0":2,"1":5,"2":4,"3":4,"4":4,"5":6,"6":3,"7":6,"8":2},"f":{"0":5,"1":4,"2":6,"3":3},"b":{}}
,"/home/brenda/www/github/gofinances/packages/server/src/services/AuthenticateUserService.ts": {"path":"/home/brenda/www/github/gofinances/packages/server/src/services/AuthenticateUserService.ts","statementMap":{"0":{"start":{"line":1,"column":0},"end":{"line":1,"column":35}},"1":{"start":{"line":2,"column":0},"end":{"line":2,"column":36}},"2":{"start":{"line":3,"column":0},"end":{"line":3,"column":40}},"3":{"start":{"line":21,"column":4},"end":{"line":21,"column":41}},"4":{"start":{"line":28,"column":17},"end":{"line":28,"column":55}},"5":{"start":{"line":30,"column":4},"end":{"line":32,"column":null}},"6":{"start":{"line":31,"column":6},"end":{"line":31,"column":53}},"7":{"start":{"line":34,"column":28},"end":{"line":34,"column":66}},"8":{"start":{"line":36,"column":4},"end":{"line":38,"column":null}},"9":{"start":{"line":37,"column":6},"end":{"line":37,"column":66}},"10":{"start":{"line":40,"column":34},"end":{"line":40,"column":48}},"11":{"start":{"line":42,"column":18},"end":{"line":42,"column":67}},"12":{"start":{"line":44,"column":4},"end":{"line":44,"column":27}},"13":{"start":{"line":48,"column":0},"end":{"line":48,"column":39}}},"fnMap":{"0":{"name":"(anonymous_1)","decl":{"start":{"line":20,"column":2},"end":{"line":20,"column":14}},"loc":{"start":{"line":20,"column":44},"end":{"line":22,"column":3}}},"1":{"name":"(anonymous_2)","decl":{"start":{"line":24,"column":9},"end":{"line":24,"column":14}},"loc":{"start":{"line":27,"column":28},"end":{"line":45,"column":3}}}},"branchMap":{"0":{"loc":{"start":{"line":30,"column":4},"end":{"line":32,"column":null}},"type":"if","locations":[{"start":{"line":30,"column":4},"end":{"line":32,"column":null}},{"start":{"line":30,"column":4},"end":{"line":32,"column":null}}]},"1":{"loc":{"start":{"line":36,"column":4},"end":{"line":38,"column":null}},"type":"if","locations":[{"start":{"line":36,"column":4},"end":{"line":38,"column":null}},{"start":{"line":36,"column":4},"end":{"line":38,"column":null}}]}},"s":{"0":1,"1":1,"2":1,"3":3,"4":3,"5":3,"6":1,"7":2,"8":1,"9":1,"10":0,"11":0,"12":0,"13":1},"f":{"0":3,"1":3},"b":{"0":[1,2],"1":[1,0]}}
,"/home/brenda/www/github/gofinances/packages/server/src/services/CreateProductService.ts": {"path":"/home/brenda/www/github/gofinances/packages/server/src/services/CreateProductService.ts","statementMap":{"0":{"start":{"line":11,"column":4},"end":{"line":11,"column":47}},"1":{"start":{"line":12,"column":4},"end":{"line":12,"column":55}},"2":{"start":{"line":22,"column":33},"end":{"line":22,"column":78}},"3":{"start":{"line":24,"column":4},"end":{"line":30,"column":7}},"4":{"start":{"line":32,"column":4},"end":{"line":36,"column":null}},"5":{"start":{"line":33,"column":6},"end":{"line":33,"column":48}},"6":{"start":{"line":35,"column":6},"end":{"line":35,"column":34}},"7":{"start":{"line":38,"column":20},"end":{"line":44,"column":6}},"8":{"start":{"line":46,"column":4},"end":{"line":46,"column":19}},"9":{"start":{"line":50,"column":0},"end":{"line":50,"column":29}}},"fnMap":{"0":{"name":"(anonymous_0)","decl":{"start":{"line":10,"column":2},"end":{"line":10,"column":14}},"loc":{"start":{"line":10,"column":96},"end":{"line":13,"column":3}}},"1":{"name":"(anonymous_1)","decl":{"start":{"line":15,"column":9},"end":{"line":15,"column":14}},"loc":{"start":{"line":21,"column":24},"end":{"line":47,"column":3}}}},"branchMap":{"0":{"loc":{"start":{"line":32,"column":4},"end":{"line":36,"column":null}},"type":"if","locations":[{"start":{"line":32,"column":4},"end":{"line":36,"column":null}},{"start":{"line":32,"column":4},"end":{"line":36,"column":null}}]}},"s":{"0":2,"1":2,"2":3,"3":3,"4":3,"5":1,"6":1,"7":2,"8":2,"9":1},"f":{"0":2,"1":3},"b":{"0":[1,2]}}
,"/home/brenda/www/github/gofinances/packages/server/src/services/CreateTransactionService.ts": {"path":"/home/brenda/www/github/gofinances/packages/server/src/services/CreateTransactionService.ts","statementMap":{"0":{"start":{"line":8,"column":4},"end":{"line":8,"column":55}},"1":{"start":{"line":18,"column":24},"end":{"line":18,"column":75}},"2":{"start":{"line":20,"column":4},"end":{"line":22,"column":null}},"3":{"start":{"line":21,"column":6},"end":{"line":21,"column":77}},"4":{"start":{"line":24,"column":24},"end":{"line":30,"column":6}},"5":{"start":{"line":32,"column":4},"end":{"line":32,"column":23}},"6":{"start":{"line":36,"column":0},"end":{"line":36,"column":33}}},"fnMap":{"0":{"name":"(anonymous_0)","decl":{"start":{"line":7,"column":2},"end":{"line":7,"column":14}},"loc":{"start":{"line":7,"column":58},"end":{"line":9,"column":3}}},"1":{"name":"(anonymous_1)","decl":{"start":{"line":11,"column":9},"end":{"line":11,"column":14}},"loc":{"start":{"line":17,"column":28},"end":{"line":33,"column":3}}}},"branchMap":{"0":{"loc":{"start":{"line":20,"column":4},"end":{"line":22,"column":null}},"type":"if","locations":[{"start":{"line":20,"column":4},"end":{"line":22,"column":null}},{"start":{"line":20,"column":4},"end":{"line":22,"column":null}}]},"1":{"loc":{"start":{"line":20,"column":8},"end":{"line":20,"column":26}},"type":"binary-expr","locations":[{"start":{"line":20,"column":8},"end":{"line":20,"column":26}},{"start":{"line":20,"column":30},"end":{"line":20,"column":49}}]},"2":{"loc":{"start":{"line":27,"column":34},"end":{"line":27,"column":44}},"type":"cond-expr","locations":[{"start":{"line":27,"column":34},"end":{"line":27,"column":44}},{"start":{"line":27,"column":47},"end":{"line":27,"column":52}}]}},"s":{"0":2,"1":3,"2":3,"3":0,"4":3,"5":3,"6":1},"f":{"0":2,"1":3},"b":{"0":[0,3],"1":[3,0],"2":[0,3]}}
,"/home/brenda/www/github/gofinances/packages/server/src/services/CreateUserService.ts": {"path":"/home/brenda/www/github/gofinances/packages/server/src/services/CreateUserService.ts","statementMap":{"0":{"start":{"line":1,"column":0},"end":{"line":1,"column":32}},"1":{"start":{"line":9,"column":4},"end":{"line":9,"column":41}},"2":{"start":{"line":17,"column":30},"end":{"line":17,"column":68}},"3":{"start":{"line":19,"column":4},"end":{"line":21,"column":null}},"4":{"start":{"line":20,"column":6},"end":{"line":20,"column":53}},"5":{"start":{"line":23,"column":27},"end":{"line":23,"column":50}},"6":{"start":{"line":25,"column":17},"end":{"line":30,"column":6}},"7":{"start":{"line":32,"column":4},"end":{"line":32,"column":16}},"8":{"start":{"line":36,"column":0},"end":{"line":36,"column":33}}},"fnMap":{"0":{"name":"(anonymous_0)","decl":{"start":{"line":8,"column":2},"end":{"line":8,"column":14}},"loc":{"start":{"line":8,"column":44},"end":{"line":10,"column":3}}},"1":{"name":"(anonymous_1)","decl":{"start":{"line":12,"column":9},"end":{"line":12,"column":14}},"loc":{"start":{"line":16,"column":21},"end":{"line":33,"column":3}}}},"branchMap":{"0":{"loc":{"start":{"line":19,"column":4},"end":{"line":21,"column":null}},"type":"if","locations":[{"start":{"line":19,"column":4},"end":{"line":21,"column":null}},{"start":{"line":19,"column":4},"end":{"line":21,"column":null}}]}},"s":{"0":1,"1":2,"2":3,"3":3,"4":1,"5":2,"6":2,"7":2,"8":1},"f":{"0":2,"1":3},"b":{"0":[1,2]}}
}
