TN:
SF:packages/server/src/config/auth.ts
FNF:0
FNH:0
DA:1,1
LF:1
LH:1
BRDA:4,0,0,1
BRDA:4,0,1,1
BRF:2
BRH:2
end_of_record
TN:
SF:packages/server/src/models/Product.ts
FN:17,(anonymous_0)
FNF:1
FNH:1
FNDA:2,(anonymous_0)
DA:2,1
DA:20,2
DA:21,2
DA:22,2
DA:23,2
DA:24,2
DA:25,2
DA:29,1
LF:8
LH:8
BRF:0
BRH:0
end_of_record
TN:
SF:packages/server/src/models/Transaction.ts
FN:17,(anonymous_0)
FNF:1
FNH:1
FNDA:6,(anonymous_0)
DA:2,2
DA:20,6
DA:21,6
DA:22,6
DA:23,6
DA:24,6
DA:25,6
DA:29,2
LF:8
LH:8
BRF:0
BRH:0
end_of_record
TN:
SF:packages/server/src/models/User.ts
FN:14,(anonymous_0)
FNF:1
FNH:1
FNDA:4,(anonymous_0)
DA:1,2
DA:17,4
DA:18,4
DA:19,4
DA:20,4
DA:21,4
DA:25,2
LF:7
LH:7
BRF:0
BRH:0
end_of_record
TN:
SF:packages/server/src/repositories/ProductRepository.ts
FN:6,(anonymous_1)
FN:10,(anonymous_2)
FN:32,(anonymous_3)
FN:34,(anonymous_4)
FN:40,(anonymous_5)
FN:42,(anonymous_6)
FNF:6
FNH:4
FNDA:2,(anonymous_1)
FNDA:2,(anonymous_2)
FNDA:0,(anonymous_3)
FNDA:0,(anonymous_4)
FNDA:3,(anonymous_5)
FNDA:1,(anonymous_6)
DA:1,1
DA:7,2
DA:17,2
DA:25,2
DA:27,2
DA:29,2
DA:33,0
DA:34,0
DA:37,0
DA:41,3
DA:42,1
DA:45,3
DA:49,1
LF:13
LH:10
BRDA:34,0,0,0
BRDA:34,0,1,0
BRF:2
BRH:0
end_of_record
TN:
SF:packages/server/src/repositories/TransactionRepository.ts
FN:12,(anonymous_1)
FN:16,(anonymous_2)
FN:36,(anonymous_3)
FN:38,(anonymous_4)
FN:44,(anonymous_5)
FN:66,(anonymous_6)
FN:67,(anonymous_7)
FN:70,(anonymous_8)
FN:71,(anonymous_9)
FNF:9
FNH:8
FNDA:4,(anonymous_1)
FNDA:6,(anonymous_2)
FNDA:3,(anonymous_3)
FNDA:1,(anonymous_4)
FNDA:3,(anonymous_5)
FNDA:1,(anonymous_6)
FNDA:1,(anonymous_7)
FNDA:1,(anonymous_8)
FNDA:0,(anonymous_9)
DA:1,2
DA:13,4
DA:23,6
DA:31,6
DA:33,6
DA:37,3
DA:38,1
DA:41,3
DA:45,3
DA:47,3
DA:53,3
DA:59,3
DA:64,3
DA:65,1
DA:66,1
DA:67,1
DA:69,1
DA:70,1
DA:71,0
DA:73,1
DA:75,1
DA:81,1
DA:87,1
DA:93,3
DA:97,2
LF:25
LH:24
BRDA:64,0,0,1
BRDA:64,0,1,2
BRF:2
BRH:2
end_of_record
TN:
SF:packages/server/src/repositories/UserRepository.ts
FN:6,(anonymous_1)
FN:10,(anonymous_2)
FN:20,(anonymous_3)
FN:21,(anonymous_4)
FNF:4
FNH:4
FNDA:5,(anonymous_1)
FNDA:4,(anonymous_2)
FNDA:6,(anonymous_3)
FNDA:3,(anonymous_4)
DA:1,2
DA:7,5
DA:11,4
DA:15,4
DA:17,4
DA:21,6
DA:23,6
DA:27,2
LF:8
LH:8
BRF:0
BRH:0
end_of_record
TN:
SF:packages/server/src/services/AuthenticateUserService.ts
FN:20,(anonymous_1)
FN:24,(anonymous_2)
FNF:2
FNH:2
FNDA:3,(anonymous_1)
FNDA:3,(anonymous_2)
DA:1,1
DA:2,1
DA:3,1
DA:21,3
DA:28,3
DA:30,3
DA:31,1
DA:34,2
DA:36,1
DA:37,1
DA:40,0
DA:42,0
DA:44,0
DA:48,1
LF:14
LH:11
BRDA:30,0,0,1
BRDA:30,0,1,2
BRDA:36,1,0,1
BRDA:36,1,1,0
BRF:4
BRH:3
end_of_record
TN:
SF:packages/server/src/services/CreateProductService.ts
FN:10,(anonymous_0)
FN:15,(anonymous_1)
FNF:2
FNH:2
FNDA:2,(anonymous_0)
FNDA:3,(anonymous_1)
DA:11,2
DA:12,2
DA:22,3
DA:24,3
DA:32,3
DA:33,1
DA:35,1
DA:38,2
DA:46,2
DA:50,1
LF:10
LH:10
BRDA:32,0,0,1
BRDA:32,0,1,2
BRF:2
BRH:2
end_of_record
TN:
SF:packages/server/src/services/CreateTransactionService.ts
FN:7,(anonymous_0)
FN:11,(anonymous_1)
FNF:2
FNH:2
FNDA:2,(anonymous_0)
FNDA:3,(anonymous_1)
DA:8,2
DA:18,3
DA:20,3
DA:21,0
DA:24,3
DA:32,3
DA:36,1
LF:7
LH:6
BRDA:20,0,0,0
BRDA:20,0,1,3
BRDA:20,1,0,3
BRDA:20,1,1,0
BRDA:27,2,0,0
BRDA:27,2,1,3
BRF:6
BRH:3
end_of_record
TN:
SF:packages/server/src/services/CreateUserService.ts
FN:8,(anonymous_0)
FN:12,(anonymous_1)
FNF:2
FNH:2
FNDA:2,(anonymous_0)
FNDA:3,(anonymous_1)
DA:1,1
DA:9,2
DA:17,3
DA:19,3
DA:20,1
DA:23,2
DA:25,2
DA:32,2
DA:36,1
LF:9
LH:9
BRDA:19,0,0,1
BRDA:19,0,1,2
BRF:2
BRH:2
end_of_record
